<?xml version="1.0" encoding="UTF-8"?>
<!-- Generated by org.testng.reporters.JUnitReportReporter -->
<testsuite hostname="DESKTOP-BVFL8JS" failures="0" tests="2" name="Practice.Demo5" time="24.642" errors="0" timestamp="2021-04-30T16:32:23 PDT" skipped="0">
  <testcase classname="Practice.Demo5" name="sample2" time="21.539"/>
  <system-out>
firefox  </system-out>
  <testcase classname="Practice.Demo5" name="sample2" time="3.103"/>
  <system-out>
chrome  </system-out>
</testsuite> <!-- Practice.Demo5 -->
