<?xml version="1.0" encoding="UTF-8"?>
<!-- Generated by org.testng.reporters.JUnitReportReporter -->
<testsuite hostname="DESKTOP-BVFL8JS" failures="0" tests="2" name="Practice.Demo4" time="0.015" errors="0" timestamp="2021-04-30T16:32:23 PDT" skipped="0">
  <testcase classname="Practice.Demo4" name="sample1" time="0.012"/>
  <system-out/>
  <testcase classname="Practice.Demo4" name="sample1" time="0.003"/>
  <system-out/>
</testsuite> <!-- Practice.Demo4 -->
