<?xml version="1.0" encoding="UTF-8"?>
<!-- Generated by org.testng.reporters.JUnitReportReporter -->
<testsuite hostname="DESKTOP-BVFL8JS" failures="0" tests="1" name="Practice.Demo1" time="0.000" errors="0" timestamp="2021-04-26T10:53:05 PDT" skipped="1">
  <testcase classname="Practice.Demo1" name="Sample" time="0.000">
    <skipped/>
  </testcase> <!-- Sample -->
  <system-out/>
</testsuite> <!-- Practice.Demo1 -->
