<?xml version="1.0" encoding="UTF-8"?>
<!-- Generated by org.testng.reporters.JUnitReportReporter -->
<testsuite hostname="DESKTOP-BVFL8JS" failures="0" tests="1" name="organization.TC_3Test" time="33.529" errors="0" timestamp="2021-05-03T20:42:22 PDT" skipped="0">
  <testcase classname="organization.TC_3Test" name="test2" time="33.529"/>
  <system-out>
organization" page is displayed organization name is entered dropdown value is entered submit button is clicked  </system-out>
</testsuite> <!-- organization.TC_3Test -->
