<?xml version="1.0" encoding="UTF-8"?>
<!-- Generated by org.testng.reporters.JUnitReportReporter -->
<testsuite hostname="DESKTOP-BVFL8JS" failures="0" tests="1" name="organization.TC_4Test" time="17.923" errors="0" timestamp="2021-05-03T20:43:09 PDT" skipped="0">
  <testcase classname="organization.TC_4Test" name="test4" time="17.923"/>
  <system-out>
organization" page is displayed  </system-out>
</testsuite> <!-- organization.TC_4Test -->
